<?xml version="1.0" encoding="UTF-8"?>
<!-- Generated by org.testng.reporters.JUnitReportReporter -->
<testsuite hostname="LAPTOP-B4DCCM2G" failures="0" tests="1" name="com.orangeHRM.testCases.TC1" time="9.926" errors="0" timestamp="2024-07-20T22:41:54 IST" skipped="0">
  <testcase classname="com.orangeHRM.testCases.TC1" name="TC01" time="9.926"/>
</testsuite> <!-- com.orangeHRM.testCases.TC1 -->
